<?xml version="1.0" encoding="UTF-8"?>
<!-- Generated by org.testng.reporters.JUnitReportReporter -->
<testsuite hostname="C02G99UAMD6M.local" failures="0" tests="2" name="testRunner.TestRun" time="4.730" errors="0" timestamp="2022-11-18T11:40:26 BRT" skipped="0">
  <testcase classname="testRunner.TestRun" name="runScenario" time="1.737"/>
  <system-out/>
  <testcase classname="testRunner.TestRun" name="runScenario" time="2.993"/>
  <system-out/>
</testsuite> <!-- testRunner.TestRun -->
